<?xml version="1.0" encoding="UTF-8"?>
<testsuite name="net.i2p.client.streaming.impl.MessageInputStreamTest" tests="19" skipped="0" failures="0" errors="0" timestamp="2025-11-26T13:28:11.940Z" hostname="ganesh" time="0.125">
  <properties/>
  <testcase name="testStaggered" classname="net.i2p.client.streaming.impl.MessageInputStreamTest" time="0.087"/>
  <testcase name="testGetNacks" classname="net.i2p.client.streaming.impl.MessageInputStreamTest" time="0.004"/>
  <testcase name="testRandomOrder" classname="net.i2p.client.streaming.impl.MessageInputStreamTest" time="0.001"/>
  <testcase name="testGetHighestReadyBlockId" classname="net.i2p.client.streaming.impl.MessageInputStreamTest" time="0.0"/>
  <testcase name="testCanAccept_msgIdExceedsBuffer" classname="net.i2p.client.streaming.impl.MessageInputStreamTest" time="0.001"/>
  <testcase name="testCanAccept_allMaxSize" classname="net.i2p.client.streaming.impl.MessageInputStreamTest" time="0.001"/>
  <testcase name="testRandomDups" classname="net.i2p.client.streaming.impl.MessageInputStreamTest" time="0.002"/>
  <testcase name="testGetHighestBlockId" classname="net.i2p.client.streaming.impl.MessageInputStreamTest" time="0.0"/>
  <testcase name="testUpdateAcks_missingMsgs" classname="net.i2p.client.streaming.impl.MessageInputStreamTest" time="0.018"/>
  <testcase name="testCanAccept" classname="net.i2p.client.streaming.impl.MessageInputStreamTest" time="0.001"/>
  <testcase name="testCanAccept_inOrderSmallMsgsDoS" classname="net.i2p.client.streaming.impl.MessageInputStreamTest" time="0.001"/>
  <testcase name="testUpdateAcks_noMsgs" classname="net.i2p.client.streaming.impl.MessageInputStreamTest" time="0.001"/>
  <testcase name="testUpdateAcks_inOrderMsgs" classname="net.i2p.client.streaming.impl.MessageInputStreamTest" time="0.001"/>
  <testcase name="testCanAccept_readyDup" classname="net.i2p.client.streaming.impl.MessageInputStreamTest" time="0.0"/>
  <testcase name="testCanAccept_smallerMsgsWithMaxSizeCount" classname="net.i2p.client.streaming.impl.MessageInputStreamTest" time="0.002"/>
  <testcase name="testInOrder" classname="net.i2p.client.streaming.impl.MessageInputStreamTest" time="0.002"/>
  <testcase name="testReadTimeout" classname="net.i2p.client.streaming.impl.MessageInputStreamTest" time="0.0"/>
  <testcase name="testCanAccept_locallyClosed" classname="net.i2p.client.streaming.impl.MessageInputStreamTest" time="0.0"/>
  <testcase name="testCanAccept_notReadyDup" classname="net.i2p.client.streaming.impl.MessageInputStreamTest" time="0.001"/>
  <system-out><![CDATA[]]></system-out>
  <system-err><![CDATA[]]></system-err>
</testsuite>
