<?xml version="1.0" encoding="UTF-8"?>
<testsuite name="net.i2p.client.streaming.I2PSocketManagerFactoryTest" tests="4" skipped="0" failures="0" errors="0" timestamp="2025-11-26T13:28:12.061Z" hostname="ganesh" time="0.025">
  <properties/>
  <testcase name="testCreateDiscMgr_customDest" classname="net.i2p.client.streaming.I2PSocketManagerFactoryTest" time="0.022"/>
  <testcase name="testCreateDiscMgr_customI2CP" classname="net.i2p.client.streaming.I2PSocketManagerFactoryTest" time="0.001"/>
  <testcase name="testCreateDiscMgr_customOpts" classname="net.i2p.client.streaming.I2PSocketManagerFactoryTest" time="0.001"/>
  <testcase name="testCreateDiscMgr" classname="net.i2p.client.streaming.I2PSocketManagerFactoryTest" time="0.001"/>
  <system-out><![CDATA[]]></system-out>
  <system-err><![CDATA[]]></system-err>
</testsuite>
