<?xml version="1.0" encoding="UTF-8"?>
<testsuite name="net.i2p.client.streaming.I2PSocketEepGetTest" tests="11" skipped="0" failures="0" errors="0" timestamp="2025-11-26T13:28:11.626Z" hostname="ganesh" time="0.428">
  <properties/>
  <testcase name="testFetch_badB64" classname="net.i2p.client.streaming.I2PSocketEepGetTest" time="0.404"/>
  <testcase name="testFetch_negPort" classname="net.i2p.client.streaming.I2PSocketEepGetTest" time="0.003"/>
  <testcase name="testFetch" classname="net.i2p.client.streaming.I2PSocketEepGetTest" time="0.006"/>
  <testcase name="testFetch_highPort" classname="net.i2p.client.streaming.I2PSocketEepGetTest" time="0.002"/>
  <testcase name="testFetch_B64" classname="net.i2p.client.streaming.I2PSocketEepGetTest" time="0.003"/>
  <testcase name="testFetch_port" classname="net.i2p.client.streaming.I2PSocketEepGetTest" time="0.002"/>
  <testcase name="testFetch_fakeUrl" classname="net.i2p.client.streaming.I2PSocketEepGetTest" time="0.002"/>
  <testcase name="testFetch_unsupportedProto" classname="net.i2p.client.streaming.I2PSocketEepGetTest" time="0.001"/>
  <testcase name="testFetch_malformedUrl" classname="net.i2p.client.streaming.I2PSocketEepGetTest" time="0.002"/>
  <testcase name="testFetch_withQuery" classname="net.i2p.client.streaming.I2PSocketEepGetTest" time="0.002"/>
  <testcase name="testFetch_zeroPort" classname="net.i2p.client.streaming.I2PSocketEepGetTest" time="0.001"/>
  <system-out><![CDATA[[MockitoHint] I2PSocketEepGetTest.testFetch_badB64 (see javadoc for MockitoHint):
[MockitoHint] 1. Unused -> at net.i2p.client.streaming.I2PSocketEepGetTest.setupMocks(I2PSocketEepGetTest.java:74)
[MockitoHint] 2. Unused -> at net.i2p.client.streaming.I2PSocketEepGetTest.setupMocks(I2PSocketEepGetTest.java:75)
[MockitoHint] 3. Unused -> at net.i2p.client.streaming.I2PSocketEepGetTest.setupMocks(I2PSocketEepGetTest.java:76)
[MockitoHint] 4. Unused -> at net.i2p.client.streaming.I2PSocketEepGetTest.setupMocks(I2PSocketEepGetTest.java:77)

[MockitoHint] I2PSocketEepGetTest.testFetch_negPort (see javadoc for MockitoHint):
[MockitoHint] 1. Unused -> at net.i2p.client.streaming.I2PSocketEepGetTest.setupMocks(I2PSocketEepGetTest.java:74)
[MockitoHint] 2. Unused -> at net.i2p.client.streaming.I2PSocketEepGetTest.setupMocks(I2PSocketEepGetTest.java:75)
[MockitoHint] 3. Unused -> at net.i2p.client.streaming.I2PSocketEepGetTest.setupMocks(I2PSocketEepGetTest.java:76)
[MockitoHint] 4. Unused -> at net.i2p.client.streaming.I2PSocketEepGetTest.setupMocks(I2PSocketEepGetTest.java:77)

[MockitoHint] I2PSocketEepGetTest.testFetch_fakeUrl (see javadoc for MockitoHint):
[MockitoHint] 1. Unused -> at net.i2p.client.streaming.I2PSocketEepGetTest.setupMocks(I2PSocketEepGetTest.java:74)
[MockitoHint] 2. Unused -> at net.i2p.client.streaming.I2PSocketEepGetTest.setupMocks(I2PSocketEepGetTest.java:75)
[MockitoHint] 3. Unused -> at net.i2p.client.streaming.I2PSocketEepGetTest.setupMocks(I2PSocketEepGetTest.java:76)
[MockitoHint] 4. Unused -> at net.i2p.client.streaming.I2PSocketEepGetTest.setupMocks(I2PSocketEepGetTest.java:77)

[MockitoHint] I2PSocketEepGetTest.testFetch_unsupportedProto (see javadoc for MockitoHint):
[MockitoHint] 1. Unused -> at net.i2p.client.streaming.I2PSocketEepGetTest.setupMocks(I2PSocketEepGetTest.java:74)
[MockitoHint] 2. Unused -> at net.i2p.client.streaming.I2PSocketEepGetTest.setupMocks(I2PSocketEepGetTest.java:75)
[MockitoHint] 3. Unused -> at net.i2p.client.streaming.I2PSocketEepGetTest.setupMocks(I2PSocketEepGetTest.java:76)
[MockitoHint] 4. Unused -> at net.i2p.client.streaming.I2PSocketEepGetTest.setupMocks(I2PSocketEepGetTest.java:77)

[MockitoHint] I2PSocketEepGetTest.testFetch_malformedUrl (see javadoc for MockitoHint):
[MockitoHint] 1. Unused -> at net.i2p.client.streaming.I2PSocketEepGetTest.setupMocks(I2PSocketEepGetTest.java:74)
[MockitoHint] 2. Unused -> at net.i2p.client.streaming.I2PSocketEepGetTest.setupMocks(I2PSocketEepGetTest.java:75)
[MockitoHint] 3. Unused -> at net.i2p.client.streaming.I2PSocketEepGetTest.setupMocks(I2PSocketEepGetTest.java:76)
[MockitoHint] 4. Unused -> at net.i2p.client.streaming.I2PSocketEepGetTest.setupMocks(I2PSocketEepGetTest.java:77)

]]></system-out>
  <system-err><![CDATA[]]></system-err>
</testsuite>
