<?xml version="1.0" encoding="UTF-8"?>
<testsuite name="net.i2p.router.util.CachedIteratorCollectionTest" tests="9" skipped="0" failures="0" errors="0" timestamp="2025-11-26T14:51:28.482Z" hostname="ganesh" time="0.006">
  <properties/>
  <testcase name="add1Test" classname="net.i2p.router.util.CachedIteratorCollectionTest" time="0.005"/>
  <testcase name="clearTest" classname="net.i2p.router.util.CachedIteratorCollectionTest" time="0.0"/>
  <testcase name="add10Test" classname="net.i2p.router.util.CachedIteratorCollectionTest" time="0.0"/>
  <testcase name="nextWhenNoneTest" classname="net.i2p.router.util.CachedIteratorCollectionTest" time="0.001"/>
  <testcase name="singleRemoveTest" classname="net.i2p.router.util.CachedIteratorCollectionTest" time="0.0"/>
  <testcase name="removeTwiceWithoutNextTest" classname="net.i2p.router.util.CachedIteratorCollectionTest" time="0.0"/>
  <testcase name="addAllTest" classname="net.i2p.router.util.CachedIteratorCollectionTest" time="0.0"/>
  <testcase name="removeFromMiddleTest" classname="net.i2p.router.util.CachedIteratorCollectionTest" time="0.0"/>
  <testcase name="restartIteratorTest" classname="net.i2p.router.util.CachedIteratorCollectionTest" time="0.0"/>
  <system-out><![CDATA[]]></system-out>
  <system-err><![CDATA[]]></system-err>
</testsuite>
