<?xml version="1.0" encoding="UTF-8"?>
<testsuite name="net.i2p.crypto.eddsa.EdDSAEngineTest" tests="11" skipped="0" failures="0" errors="0" timestamp="2025-11-26T13:38:13.745Z" hostname="ganesh" time="0.274">
  <properties/>
  <testcase name="testSignOneShotMode" classname="net.i2p.crypto.eddsa.EdDSAEngineTest" time="0.002"/>
  <testcase name="testVerifyWrongSigLength" classname="net.i2p.crypto.eddsa.EdDSAEngineTest" time="0.0"/>
  <testcase name="testVerifyResetsForReuse" classname="net.i2p.crypto.eddsa.EdDSAEngineTest" time="0.001"/>
  <testcase name="testVerifyOneShotModeMultipleUpdates" classname="net.i2p.crypto.eddsa.EdDSAEngineTest" time="0.0"/>
  <testcase name="testSign" classname="net.i2p.crypto.eddsa.EdDSAEngineTest" time="0.117"/>
  <testcase name="testVerifyOneShot" classname="net.i2p.crypto.eddsa.EdDSAEngineTest" time="0.0"/>
  <testcase name="testSignOneShot" classname="net.i2p.crypto.eddsa.EdDSAEngineTest" time="0.001"/>
  <testcase name="testVerifyOneShotMode" classname="net.i2p.crypto.eddsa.EdDSAEngineTest" time="0.0"/>
  <testcase name="testSignOneShotModeMultipleUpdates" classname="net.i2p.crypto.eddsa.EdDSAEngineTest" time="0.0"/>
  <testcase name="testSignResetsForReuse" classname="net.i2p.crypto.eddsa.EdDSAEngineTest" time="0.0"/>
  <testcase name="testVerify" classname="net.i2p.crypto.eddsa.EdDSAEngineTest" time="0.153"/>
  <system-out><![CDATA[]]></system-out>
  <system-err><![CDATA[]]></system-err>
</testsuite>
