<?xml version="1.0" encoding="UTF-8"?>
<testsuite name="net.i2p.crypto.eddsa.math.ConstantsTest" tests="2" skipped="0" failures="0" errors="0" timestamp="2025-11-26T13:38:14.023Z" hostname="ganesh" time="0.001">
  <properties/>
  <testcase name="testB" classname="net.i2p.crypto.eddsa.math.ConstantsTest" time="0.001"/>
  <testcase name="testb" classname="net.i2p.crypto.eddsa.math.ConstantsTest" time="0.0"/>
  <system-out><![CDATA[]]></system-out>
  <system-err><![CDATA[]]></system-err>
</testsuite>
