<?xml version="1.0" encoding="UTF-8"?>
<testsuite name="net.i2p.data.SimpleDataStructureTest" tests="6" skipped="0" failures="0" errors="0" timestamp="2025-11-26T13:38:16.695Z" hostname="ganesh" time="0.0">
  <properties/>
  <testcase name="testHashCodeSafe" classname="net.i2p.data.SimpleDataStructureTest" time="0.0"/>
  <testcase name="setDataThrowsOnDataAfterDataSet" classname="net.i2p.data.SimpleDataStructureTest" time="0.0"/>
  <testcase name="setDataThrowsOnNullAfterDataSet" classname="net.i2p.data.SimpleDataStructureTest" time="0.0"/>
  <testcase name="testCalculateHashSafe" classname="net.i2p.data.SimpleDataStructureTest" time="0.0"/>
  <testcase name="testReadBytesImmutable" classname="net.i2p.data.SimpleDataStructureTest" time="0.0"/>
  <testcase name="testToBase64Safe" classname="net.i2p.data.SimpleDataStructureTest" time="0.0"/>
  <system-out><![CDATA[]]></system-out>
  <system-err><![CDATA[]]></system-err>
</testsuite>
