<?xml version="1.0" encoding="UTF-8"?>
<testsuite name="net.i2p.crypto.eddsa.math.GroupElementTest" tests="53" skipped="0" failures="0" errors="0" timestamp="2025-11-26T13:38:14.027Z" hostname="ganesh" time="0.815">
  <properties/>
  <testcase name="testP3WithExplicitFlag" classname="net.i2p.crypto.eddsa.math.GroupElementTest" time="0.0"/>
  <testcase name="toP3ThrowsIfGroupElementHasP2Representation" classname="net.i2p.crypto.eddsa.math.GroupElementTest" time="0.001"/>
  <testcase name="constructorUsingByteArrayReturnsExpectedResult" classname="net.i2p.crypto.eddsa.math.GroupElementTest" time="0.009"/>
  <testcase name="testGroupElementByteArray" classname="net.i2p.crypto.eddsa.math.GroupElementTest" time="0.0"/>
  <testcase name="toP3ReturnsExpectedResultIfGroupElementHasP1P1Representation" classname="net.i2p.crypto.eddsa.math.GroupElementTest" time="0.001"/>
  <testcase name="testDbl" classname="net.i2p.crypto.eddsa.math.GroupElementTest" time="0.0"/>
  <testcase name="testGroupElementCurveRepresentationFieldElementFieldElementFieldElementFieldElement" classname="net.i2p.crypto.eddsa.math.GroupElementTest" time="0.0"/>
  <testcase name="toCachedThrowsIfGroupElementHasP1P1Representation" classname="net.i2p.crypto.eddsa.math.GroupElementTest" time="0.0"/>
  <testcase name="testIsOnCurve" classname="net.i2p.crypto.eddsa.math.GroupElementTest" time="0.0"/>
  <testcase name="toP2ThrowsIfGroupElementHasCachedRepresentation" classname="net.i2p.crypto.eddsa.math.GroupElementTest" time="0.0"/>
  <testcase name="testCmov" classname="net.i2p.crypto.eddsa.math.GroupElementTest" time="0.0"/>
  <testcase name="testP1p1" classname="net.i2p.crypto.eddsa.math.GroupElementTest" time="0.001"/>
  <testcase name="testToP2" classname="net.i2p.crypto.eddsa.math.GroupElementTest" time="0.0"/>
  <testcase name="scalarMultiplyBasePointWithOneReturnsBasePoint" classname="net.i2p.crypto.eddsa.math.GroupElementTest" time="0.0"/>
  <testcase name="toByteArrayReturnsExpectedResult" classname="net.i2p.crypto.eddsa.math.GroupElementTest" time="0.002"/>
  <testcase name="toP2ReturnsExpectedResultIfGroupElementHasP3Representation" classname="net.i2p.crypto.eddsa.math.GroupElementTest" time="0.001"/>
  <testcase name="testP2" classname="net.i2p.crypto.eddsa.math.GroupElementTest" time="0.0"/>
  <testcase name="testP3" classname="net.i2p.crypto.eddsa.math.GroupElementTest" time="0.0"/>
  <testcase name="toCachedThrowsIfGroupElementHasPrecompRepresentation" classname="net.i2p.crypto.eddsa.math.GroupElementTest" time="0.0"/>
  <testcase name="testPrecomp" classname="net.i2p.crypto.eddsa.math.GroupElementTest" time="0.0"/>
  <testcase name="isOnCurveReturnsTrueForPointsOnTheCurve" classname="net.i2p.crypto.eddsa.math.GroupElementTest" time="0.002"/>
  <testcase name="precomputedTableContainsExpectedGroupElements" classname="net.i2p.crypto.eddsa.math.GroupElementTest" time="0.032"/>
  <testcase name="dblReturnsExpectedResult" classname="net.i2p.crypto.eddsa.math.GroupElementTest" time="0.062"/>
  <testcase name="toP3ThrowsIfGroupElementHasPrecompRepresentation" classname="net.i2p.crypto.eddsa.math.GroupElementTest" time="0.0"/>
  <testcase name="subReturnsExpectedResult" classname="net.i2p.crypto.eddsa.math.GroupElementTest" time="0.072"/>
  <testcase name="testPrecompute" classname="net.i2p.crypto.eddsa.math.GroupElementTest" time="0.002"/>
  <testcase name="toP3ReturnsExpectedResultIfGroupElementHasP3Representation" classname="net.i2p.crypto.eddsa.math.GroupElementTest" time="0.0"/>
  <testcase name="testToAndFromByteArray" classname="net.i2p.crypto.eddsa.math.GroupElementTest" time="0.018"/>
  <testcase name="testEqualsObject" classname="net.i2p.crypto.eddsa.math.GroupElementTest" time="0.0"/>
  <testcase name="doubleScalarMultiplyVariableTimeReturnsExpectedResult" classname="net.i2p.crypto.eddsa.math.GroupElementTest" time="0.361"/>
  <testcase name="testToRadix16" classname="net.i2p.crypto.eddsa.math.GroupElementTest" time="0.001"/>
  <testcase name="addingNeutralGroupElementDoesNotChangeGroupElement" classname="net.i2p.crypto.eddsa.math.GroupElementTest" time="0.014"/>
  <testcase name="testGroupElementCurveRepresentationFieldElementFieldElementFieldElementFieldElementWithExplicitFlag" classname="net.i2p.crypto.eddsa.math.GroupElementTest" time="0.0"/>
  <testcase name="equalsOnlyReturnsTrueForEquivalentObjects" classname="net.i2p.crypto.eddsa.math.GroupElementTest" time="0.0"/>
  <testcase name="testToByteArray" classname="net.i2p.crypto.eddsa.math.GroupElementTest" time="0.001"/>
  <testcase name="scalarMultiplyBasePointReturnsExpectedResult" classname="net.i2p.crypto.eddsa.math.GroupElementTest" time="0.158"/>
  <testcase name="testCached" classname="net.i2p.crypto.eddsa.math.GroupElementTest" time="0.0"/>
  <testcase name="toCachedThrowsIfGroupElementHasP2Representation" classname="net.i2p.crypto.eddsa.math.GroupElementTest" time="0.0"/>
  <testcase name="toCachedReturnsExpectedResultIfGroupElementHasCachedRepresentation" classname="net.i2p.crypto.eddsa.math.GroupElementTest" time="0.001"/>
  <testcase name="dblPrecomputedTableContainsExpectedGroupElements" classname="net.i2p.crypto.eddsa.math.GroupElementTest" time="0.0"/>
  <testcase name="toP2ThrowsIfGroupElementHasPrecompRepresentation" classname="net.i2p.crypto.eddsa.math.GroupElementTest" time="0.0"/>
  <testcase name="addReturnsExpectedResult" classname="net.i2p.crypto.eddsa.math.GroupElementTest" time="0.068"/>
  <testcase name="testDoubleScalarMultiplyVariableTime" classname="net.i2p.crypto.eddsa.math.GroupElementTest" time="0.0"/>
  <testcase name="testScalarMultiplyByteArray" classname="net.i2p.crypto.eddsa.math.GroupElementTest" time="0.0"/>
  <testcase name="hashCodesAreEqualForEquivalentObjects" classname="net.i2p.crypto.eddsa.math.GroupElementTest" time="0.0"/>
  <testcase name="testSelect" classname="net.i2p.crypto.eddsa.math.GroupElementTest" time="0.002"/>
  <testcase name="toP3PrecomputeDoubleReturnsExpectedResultIfGroupElementHasP1P1Representation" classname="net.i2p.crypto.eddsa.math.GroupElementTest" time="0.001"/>
  <testcase name="toP2ReturnsExpectedResultIfGroupElementHasP2Representation" classname="net.i2p.crypto.eddsa.math.GroupElementTest" time="0.001"/>
  <testcase name="isOnCurveReturnsFalseForPointsNotOnTheCurve" classname="net.i2p.crypto.eddsa.math.GroupElementTest" time="0.001"/>
  <testcase name="toP2ReturnsExpectedResultIfGroupElementHasP1P1Representation" classname="net.i2p.crypto.eddsa.math.GroupElementTest" time="0.001"/>
  <testcase name="toP3ThrowsIfGroupElementHasCachedRepresentation" classname="net.i2p.crypto.eddsa.math.GroupElementTest" time="0.0"/>
  <testcase name="scalarMultiplyBasePointWithZeroReturnsNeutralElement" classname="net.i2p.crypto.eddsa.math.GroupElementTest" time="0.0"/>
  <testcase name="toCachedReturnsExpectedResultIfGroupElementHasP3Representation" classname="net.i2p.crypto.eddsa.math.GroupElementTest" time="0.0"/>
  <system-out><![CDATA[]]></system-out>
  <system-err><![CDATA[]]></system-err>
</testsuite>
