<?xml version="1.0" encoding="UTF-8"?>
<testsuite name="net.i2p.data.KeyCertificateTest" tests="2" skipped="0" failures="0" errors="0" timestamp="2025-11-26T13:38:16.687Z" hostname="ganesh" time="0.0">
  <properties/>
  <testcase name="testFromEd25519Payload" classname="net.i2p.data.KeyCertificateTest" time="0.0"/>
  <testcase name="testFromP256Payload" classname="net.i2p.data.KeyCertificateTest" time="0.0"/>
  <system-out><![CDATA[]]></system-out>
  <system-err><![CDATA[]]></system-err>
</testsuite>
