<?xml version="1.0" encoding="UTF-8"?>
<testsuite name="net.i2p.kademlia.KBucketSetTest" tests="8" skipped="0" failures="0" errors="0" timestamp="2025-11-26T13:38:16.710Z" hostname="ganesh" time="0.076">
  <properties/>
  <testcase name="testExplore" classname="net.i2p.kademlia.KBucketSetTest" time="0.005"/>
  <testcase name="testAudit" classname="net.i2p.kademlia.KBucketSetTest" time="0.001"/>
  <testcase name="testOrder" classname="net.i2p.kademlia.KBucketSetTest" time="0.001"/>
  <testcase name="testSelf" classname="net.i2p.kademlia.KBucketSetTest" time="0.002"/>
  <testcase name="testGenRandom" classname="net.i2p.kademlia.KBucketSetTest" time="0.038"/>
  <testcase name="testClosest" classname="net.i2p.kademlia.KBucketSetTest" time="0.002"/>
  <testcase name="testRandom" classname="net.i2p.kademlia.KBucketSetTest" time="0.002"/>
  <testcase name="testConcurrent" classname="net.i2p.kademlia.KBucketSetTest" time="0.025"/>
  <system-out><![CDATA[]]></system-out>
  <system-err><![CDATA[]]></system-err>
</testsuite>
