<?xml version="1.0" encoding="UTF-8"?>
<testsuite name="net.i2p.data.LeaseSetTest" tests="5" skipped="0" failures="0" errors="0" timestamp="2025-11-26T13:38:16.687Z" hostname="ganesh" time="0.001">
  <properties/>
  <testcase name="testAddLeaseNull" classname="net.i2p.data.LeaseSetTest" time="0.001"/>
  <testcase name="failsToGetInvalidLease" classname="net.i2p.data.LeaseSetTest" time="0.0"/>
  <testcase name="failsToGetLeaseWhenEmpty" classname="net.i2p.data.LeaseSetTest" time="0.0"/>
  <testcase name="testAddLeaseInvalid" classname="net.i2p.data.LeaseSetTest" time="0.0"/>
  <testcase name="testStructure" classname="net.i2p.data.LeaseSetTest" time="0.0"/>
  <system-out><![CDATA[]]></system-out>
  <system-err><![CDATA[]]></system-err>
</testsuite>
