<?xml version="1.0" encoding="UTF-8"?>
<testsuite name="net.i2p.data.DataHelperTest" tests="4" skipped="0" failures="0" errors="0" timestamp="2025-11-26T13:38:15.654Z" hostname="ganesh" time="1.026">
  <properties/>
  <testcase name="testDate" classname="net.i2p.data.DataHelperTest" time="0.0"/>
  <testcase name="testLong" classname="net.i2p.data.DataHelperTest" time="0.753"/>
  <testcase name="testSkip" classname="net.i2p.data.DataHelperTest" time="0.002"/>
  <testcase name="testCompress" classname="net.i2p.data.DataHelperTest" time="0.271"/>
  <system-out><![CDATA[]]></system-out>
  <system-err><![CDATA[]]></system-err>
</testsuite>
