<?xml version="1.0" encoding="UTF-8"?>
<testsuite name="net.i2p.data.DataStructureImplTest" tests="6" skipped="0" failures="0" errors="0" timestamp="2025-11-26T13:38:16.681Z" hostname="ganesh" time="0.002">
  <properties/>
  <testcase name="fromByteArrayThrowsOnError" classname="net.i2p.data.DataStructureImplTest" time="0.001"/>
  <testcase name="fromByteArrayThrowsOnNull" classname="net.i2p.data.DataStructureImplTest" time="0.0"/>
  <testcase name="fromBase64ThrowsOnNull" classname="net.i2p.data.DataStructureImplTest" time="0.0"/>
  <testcase name="calculateHashReturnsNull" classname="net.i2p.data.DataStructureImplTest" time="0.001"/>
  <testcase name="toBase64ReturnsNull" classname="net.i2p.data.DataStructureImplTest" time="0.0"/>
  <testcase name="toByteArrayReturnsNullOnError" classname="net.i2p.data.DataStructureImplTest" time="0.0"/>
  <system-out><![CDATA[]]></system-out>
  <system-err><![CDATA[]]></system-err>
</testsuite>
