<?xml version="1.0" encoding="UTF-8"?>
<testsuite name="net.i2p.data.PrivateKeyTest" tests="6" skipped="0" failures="0" errors="0" timestamp="2025-11-26T13:38:16.692Z" hostname="ganesh" time="0.0">
  <properties/>
  <testcase name="testShortData" classname="net.i2p.data.PrivateKeyTest" time="0.0"/>
  <testcase name="testShortRead" classname="net.i2p.data.PrivateKeyTest" time="0.0"/>
  <testcase name="testNullData" classname="net.i2p.data.PrivateKeyTest" time="0.0"/>
  <testcase name="testBase64Constructor" classname="net.i2p.data.PrivateKeyTest" time="0.0"/>
  <testcase name="testNullEquals" classname="net.i2p.data.PrivateKeyTest" time="0.0"/>
  <testcase name="testStructure" classname="net.i2p.data.PrivateKeyTest" time="0.0"/>
  <system-out><![CDATA[]]></system-out>
  <system-err><![CDATA[]]></system-err>
</testsuite>
