<?xml version="1.0" encoding="UTF-8"?>
<testsuite name="net.i2p.data.LeaseTest" tests="5" skipped="0" failures="0" errors="0" timestamp="2025-11-26T13:38:16.689Z" hostname="ganesh" time="0.0">
  <properties/>
  <testcase name="failsWriteWithNullGateway" classname="net.i2p.data.LeaseTest" time="0.0"/>
  <testcase name="testExpiration" classname="net.i2p.data.LeaseTest" time="0.0"/>
  <testcase name="testNullEquals" classname="net.i2p.data.LeaseTest" time="0.0"/>
  <testcase name="failsWriteWithNullTunnelId" classname="net.i2p.data.LeaseTest" time="0.0"/>
  <testcase name="testStructure" classname="net.i2p.data.LeaseTest" time="0.0"/>
  <system-out><![CDATA[]]></system-out>
  <system-err><![CDATA[]]></system-err>
</testsuite>
