<?xml version="1.0" encoding="UTF-8"?>
<testsuite name="net.i2p.crypto.eddsa.math.ed25519.Ed25519FieldElementTest" tests="17" skipped="0" failures="0" errors="0" timestamp="2025-11-26T13:38:15.183Z" hostname="ganesh" time="0.12">
  <properties/>
  <testcase name="cannotConstructFieldElementFromArrayWithIncorrectLength" classname="net.i2p.crypto.eddsa.math.ed25519.Ed25519FieldElementTest" time="0.0"/>
  <testcase name="cannotConstructFieldElementWithoutField" classname="net.i2p.crypto.eddsa.math.ed25519.Ed25519FieldElementTest" time="0.0"/>
  <testcase name="toStringReturnsCorrectRepresentation" classname="net.i2p.crypto.eddsa.math.ed25519.Ed25519FieldElementTest" time="0.001"/>
  <testcase name="canConstructFieldElementFromArrayWithCorrectLength" classname="net.i2p.crypto.eddsa.math.ed25519.Ed25519FieldElementTest" time="0.0"/>
  <testcase name="isNonZeroReturnsTrueIfFieldElementIsNonZero" classname="net.i2p.crypto.eddsa.math.ed25519.Ed25519FieldElementTest" time="0.0"/>
  <testcase name="multiplyReturnsCorrectResult" classname="net.i2p.crypto.eddsa.math.ed25519.Ed25519FieldElementTest" time="0.02"/>
  <testcase name="isNonZeroReturnsFalseIfFieldElementIsZero" classname="net.i2p.crypto.eddsa.math.ed25519.Ed25519FieldElementTest" time="0.0"/>
  <testcase name="subtractReturnsCorrectResult" classname="net.i2p.crypto.eddsa.math.ed25519.Ed25519FieldElementTest" time="0.015"/>
  <testcase name="cmovReturnsCorrectResult" classname="net.i2p.crypto.eddsa.math.ed25519.Ed25519FieldElementTest" time="0.001"/>
  <testcase name="pow22523ReturnsCorrectResult" classname="net.i2p.crypto.eddsa.math.ed25519.Ed25519FieldElementTest" time="0.023"/>
  <testcase name="equalsOnlyReturnsTrueForEquivalentObjects" classname="net.i2p.crypto.eddsa.math.ed25519.Ed25519FieldElementTest" time="0.0"/>
  <testcase name="squareAndDoubleReturnsCorrectResult" classname="net.i2p.crypto.eddsa.math.ed25519.Ed25519FieldElementTest" time="0.008"/>
  <testcase name="squareReturnsCorrectResult" classname="net.i2p.crypto.eddsa.math.ed25519.Ed25519FieldElementTest" time="0.008"/>
  <testcase name="negateReturnsCorrectResult" classname="net.i2p.crypto.eddsa.math.ed25519.Ed25519FieldElementTest" time="0.008"/>
  <testcase name="hashCodesAreEqualForEquivalentObjects" classname="net.i2p.crypto.eddsa.math.ed25519.Ed25519FieldElementTest" time="0.0"/>
  <testcase name="addReturnsCorrectResult" classname="net.i2p.crypto.eddsa.math.ed25519.Ed25519FieldElementTest" time="0.015"/>
  <testcase name="invertReturnsCorrectResult" classname="net.i2p.crypto.eddsa.math.ed25519.Ed25519FieldElementTest" time="0.019"/>
  <system-out><![CDATA[]]></system-out>
  <system-err><![CDATA[]]></system-err>
</testsuite>
