<?xml version="1.0" encoding="UTF-8"?>
<testsuite name="net.i2p.crypto.eddsa.math.bigint.BigIntegerScalarOpsTest" tests="2" skipped="0" failures="0" errors="0" timestamp="2025-11-26T13:38:15.182Z" hostname="ganesh" time="0.0">
  <properties/>
  <testcase name="testMultiplyAndAdd" classname="net.i2p.crypto.eddsa.math.bigint.BigIntegerScalarOpsTest" time="0.0"/>
  <testcase name="testReduce" classname="net.i2p.crypto.eddsa.math.bigint.BigIntegerScalarOpsTest" time="0.0"/>
  <system-out><![CDATA[]]></system-out>
  <system-err><![CDATA[]]></system-err>
</testsuite>
