<?xml version="1.0" encoding="UTF-8"?>
<testsuite name="net.i2p.client.datagram.DatagramTest" tests="2" skipped="0" failures="0" errors="0" timestamp="2025-11-26T13:38:13.445Z" hostname="ganesh" time="0.037">
  <properties/>
  <testcase name="testDatagram" classname="net.i2p.client.datagram.DatagramTest" time="0.022"/>
  <testcase name="testBadagram" classname="net.i2p.client.datagram.DatagramTest" time="0.014"/>
  <system-out><![CDATA[]]></system-out>
  <system-err><![CDATA[]]></system-err>
</testsuite>
