<?xml version="1.0" encoding="UTF-8"?>
<testsuite name="net.i2p.util.LogSettingsTest" tests="5" skipped="0" failures="0" errors="0" timestamp="2025-11-26T13:38:17.130Z" hostname="ganesh" time="5.126">
  <properties/>
  <testcase name="testDebug" classname="net.i2p.util.LogSettingsTest" time="1.032"/>
  <testcase name="testError" classname="net.i2p.util.LogSettingsTest" time="1.022"/>
  <testcase name="testCrit" classname="net.i2p.util.LogSettingsTest" time="1.024"/>
  <testcase name="testInfo" classname="net.i2p.util.LogSettingsTest" time="1.023"/>
  <testcase name="testWarn" classname="net.i2p.util.LogSettingsTest" time="1.023"/>
  <system-out><![CDATA[]]></system-out>
  <system-err><![CDATA[]]></system-err>
</testsuite>
