<?xml version="1.0" encoding="UTF-8"?>
<testsuite name="net.i2p.crypto.eddsa.math.ed25519.Ed25519ScalarOpsTest" tests="4" skipped="0" failures="0" errors="0" timestamp="2025-11-26T13:38:15.638Z" hostname="ganesh" time="0.012">
  <properties/>
  <testcase name="testMultiplyAndAdd" classname="net.i2p.crypto.eddsa.math.ed25519.Ed25519ScalarOpsTest" time="0.0"/>
  <testcase name="reduceReturnsExpectedResult" classname="net.i2p.crypto.eddsa.math.ed25519.Ed25519ScalarOpsTest" time="0.006"/>
  <testcase name="testReduce" classname="net.i2p.crypto.eddsa.math.ed25519.Ed25519ScalarOpsTest" time="0.0"/>
  <testcase name="multiplyAndAddReturnsExpectedResult" classname="net.i2p.crypto.eddsa.math.ed25519.Ed25519ScalarOpsTest" time="0.006"/>
  <system-out><![CDATA[]]></system-out>
  <system-err><![CDATA[]]></system-err>
</testsuite>
