<?xml version="1.0" encoding="UTF-8"?>
<testsuite name="net.i2p.crypto.eddsa.spec.EdDSAPrivateKeySpecTest" tests="4" skipped="0" failures="0" errors="0" timestamp="2025-11-26T13:38:15.651Z" hostname="ganesh" time="0.001">
  <properties/>
  <testcase name="incorrectHashLengthThrows" classname="net.i2p.crypto.eddsa.spec.EdDSAPrivateKeySpecTest" time="0.0"/>
  <testcase name="incorrectSeedLengthThrows" classname="net.i2p.crypto.eddsa.spec.EdDSAPrivateKeySpecTest" time="0.0"/>
  <testcase name="testEdDSAPrivateKeySpecFromH" classname="net.i2p.crypto.eddsa.spec.EdDSAPrivateKeySpecTest" time="0.0"/>
  <testcase name="testEdDSAPrivateKeySpecFromSeed" classname="net.i2p.crypto.eddsa.spec.EdDSAPrivateKeySpecTest" time="0.001"/>
  <system-out><![CDATA[]]></system-out>
  <system-err><![CDATA[]]></system-err>
</testsuite>
