<?xml version="1.0" encoding="UTF-8"?>
<testsuite name="net.i2p.util.ConvertToHashTest" tests="8" skipped="0" failures="0" errors="0" timestamp="2025-11-26T13:38:17.126Z" hostname="ganesh" time="0.003">
  <properties/>
  <testcase name="getHashDestinationB64DotI2P" classname="net.i2p.util.ConvertToHashTest" time="0.001"/>
  <testcase name="getHashB64DotI2P" classname="net.i2p.util.ConvertToHashTest" time="0.0"/>
  <testcase name="getHashResolveDestinationFail" classname="net.i2p.util.ConvertToHashTest" time="0.001"/>
  <testcase name="getHashDestinationB64" classname="net.i2p.util.ConvertToHashTest" time="0.0"/>
  <testcase name="getHashB32" classname="net.i2p.util.ConvertToHashTest" time="0.001"/>
  <testcase name="getHashB64" classname="net.i2p.util.ConvertToHashTest" time="0.0"/>
  <testcase name="getHashB32DotI2P" classname="net.i2p.util.ConvertToHashTest" time="0.0"/>
  <testcase name="getHashNullPeer" classname="net.i2p.util.ConvertToHashTest" time="0.0"/>
  <system-out><![CDATA[]]></system-out>
  <system-err><![CDATA[]]></system-err>
</testsuite>
